<?xml version="1.0" encoding="UTF-8"?>
<!-- Generated by org.testng.reporters.JUnitXMLReporter -->
<testsuite hostname="DESKTOP-R05C0VE" failures="0" tests="8" name="Test" time="192.261" errors="0" timestamp="25 Jun 2022 07:11:27 GMT">
  <testcase classname="com.Orange.testCases.LoginPageTest" name="loginValidation" time="6.235"/>
  <testcase classname="com.Orange.testCases.EmployeeListTest" name="AddEmployees" time="14.143"/>
  <testcase classname="com.Orange.testCases.EmployeeListTest" name="AddEmployees" time="13.62"/>
  <testcase classname="com.Orange.testCases.EmployeeListTest" name="AddEmployees" time="13.812"/>
  <testcase classname="com.Orange.testCases.EmployeeListTest" name="AddEmployees" time="16.401"/>
  <testcase classname="com.Orange.testCases.EmployeeListTest" name="AddEmployees" time="14.323"/>
  <testcase classname="com.Orange.testCases.EmployeeListTest" name="AddEmployees" time="13.224"/>
  <testcase classname="com.Orange.testCases.CandidateDetailsTest" name="DownloadCV" time="12.146"/>
</testsuite> <!-- Test -->
