<?xml version="1.0" encoding="UTF-8"?>
<!-- Generated by org.testng.reporters.JUnitXMLReporter -->
<testsuite hostname="DESKTOP-R05C0VE" failures="0" tests="7" name="Test" time="163.529" errors="0" timestamp="26 Jun 2022 03:11:46 GMT">
  <testcase classname="com.Orange.testCases.LoginPageTest" name="loginValidation" time="6.147"/>
  <testcase classname="com.Orange.testCases.EmployeeListTest" name="AddEmployees" time="11.465"/>
  <testcase classname="com.Orange.testCases.EmployeeListTest" name="AddEmployees" time="13.671"/>
  <testcase classname="com.Orange.testCases.EmployeeListTest" name="AddEmployees" time="16.098"/>
  <testcase classname="com.Orange.testCases.EmployeeListTest" name="AddEmployees" time="16.033"/>
  <testcase classname="com.Orange.testCases.EmployeeListTest" name="AddEmployees" time="13.147"/>
  <testcase classname="com.Orange.testCases.EmployeeListTest" name="AddEmployees" time="12.09"/>
</testsuite> <!-- Test -->
