<?xml version="1.0" encoding="UTF-8"?>
<testng-results total="7" passed="6" failed="1" skipped="0">
  <reporter-output>
  </reporter-output>
  <suite started-at="2022-06-25T07:25:54Z" name="Suite" finished-at="2022-06-25T07:28:34Z" duration-ms="160272">
    <groups>
    </groups>
    <test started-at="2022-06-25T07:25:54Z" name="Test" finished-at="2022-06-25T07:28:34Z" duration-ms="160272">
      <class name="com.Orange.testCases.EmployeeListTest">
        <test-method is-config="true" signature="Setup()[pri:0, instance:com.Orange.testCases.EmployeeListTest@15deb1dc]" started-at="2022-06-25T12:56:11Z" name="Setup" finished-at="2022-06-25T12:56:19Z" duration-ms="8560" status="PASS">
          <reporter-output>
          </reporter-output>
        </test-method> <!-- Setup -->
        <test-method signature="AddEmployees(java.lang.String, java.lang.String, java.lang.String, java.lang.String, java.lang.String, java.lang.String, java.lang.String, java.lang.String, java.lang.String, java.lang.String)[pri:0, instance:com.Orange.testCases.EmployeeListTest@15deb1dc]" started-at="2022-06-25T12:56:19Z" name="AddEmployees" data-provider="getTestData" finished-at="2022-06-25T12:56:34Z" duration-ms="14304" status="PASS">
          <params>
            <param index="0">
              <value>
                <![CDATA[Admin]]>
              </value>
            </param>
            <param index="1">
              <value>
                <![CDATA[admin123]]>
              </value>
            </param>
            <param index="2">
              <value>
                <![CDATA[Pichu]]>
              </value>
            </param>
            <param index="3">
              <value>
                <![CDATA[Pikachu]]>
              </value>
            </param>
            <param index="4">
              <value>
                <![CDATA[Pikachu]]>
              </value>
            </param>
            <param index="5">
              <value>
                <![CDATA[025]]>
              </value>
            </param>
            <param index="6">
              <value>
                <![CDATA[\Images\Pikachu.png]]>
              </value>
            </param>
            <param index="7">
              <value>
                <![CDATA[Pikachu]]>
              </value>
            </param>
            <param index="8">
              <value>
                <![CDATA[PikaPikaPee]]>
              </value>
            </param>
            <param index="9">
              <value>
                <![CDATA[PikaPikaPee]]>
              </value>
            </param>
          </params>
          <reporter-output>
          </reporter-output>
        </test-method> <!-- AddEmployees -->
        <test-method is-config="true" signature="teardown()[pri:0, instance:com.Orange.testCases.EmployeeListTest@15deb1dc]" started-at="2022-06-25T12:56:36Z" name="teardown" finished-at="2022-06-25T12:56:36Z" duration-ms="1" status="PASS">
          <reporter-output>
          </reporter-output>
        </test-method> <!-- teardown -->
        <test-method is-config="true" signature="Setup()[pri:0, instance:com.Orange.testCases.EmployeeListTest@15deb1dc]" started-at="2022-06-25T12:56:36Z" name="Setup" finished-at="2022-06-25T12:56:44Z" duration-ms="8765" status="PASS">
          <reporter-output>
          </reporter-output>
        </test-method> <!-- Setup -->
        <test-method signature="AddEmployees(java.lang.String, java.lang.String, java.lang.String, java.lang.String, java.lang.String, java.lang.String, java.lang.String, java.lang.String, java.lang.String, java.lang.String)[pri:0, instance:com.Orange.testCases.EmployeeListTest@15deb1dc]" started-at="2022-06-25T12:56:44Z" name="AddEmployees" data-provider="getTestData" finished-at="2022-06-25T12:57:00Z" duration-ms="15794" status="PASS">
          <params>
            <param index="0">
              <value>
                <![CDATA[Admin]]>
              </value>
            </param>
            <param index="1">
              <value>
                <![CDATA[admin123]]>
              </value>
            </param>
            <param index="2">
              <value>
                <![CDATA[Pidgey]]>
              </value>
            </param>
            <param index="3">
              <value>
                <![CDATA[Pidgeotto]]>
              </value>
            </param>
            <param index="4">
              <value>
                <![CDATA[Pidgeotto]]>
              </value>
            </param>
            <param index="5">
              <value>
                <![CDATA[017]]>
              </value>
            </param>
            <param index="6">
              <value>
                <![CDATA[\Images\Pidgeotto.png]]>
              </value>
            </param>
            <param index="7">
              <value>
                <![CDATA[Pidgeotto]]>
              </value>
            </param>
            <param index="8">
              <value>
                <![CDATA[HaaHaaHaa]]>
              </value>
            </param>
            <param index="9">
              <value>
                <![CDATA[HaaHaaHaa]]>
              </value>
            </param>
          </params>
          <reporter-output>
          </reporter-output>
        </test-method> <!-- AddEmployees -->
        <test-method is-config="true" signature="teardown()[pri:0, instance:com.Orange.testCases.EmployeeListTest@15deb1dc]" started-at="2022-06-25T12:57:02Z" name="teardown" finished-at="2022-06-25T12:57:02Z" duration-ms="0" status="PASS">
          <reporter-output>
          </reporter-output>
        </test-method> <!-- teardown -->
        <test-method is-config="true" signature="Setup()[pri:0, instance:com.Orange.testCases.EmployeeListTest@15deb1dc]" started-at="2022-06-25T12:57:02Z" name="Setup" finished-at="2022-06-25T12:57:11Z" duration-ms="9161" status="PASS">
          <reporter-output>
          </reporter-output>
        </test-method> <!-- Setup -->
        <test-method signature="AddEmployees(java.lang.String, java.lang.String, java.lang.String, java.lang.String, java.lang.String, java.lang.String, java.lang.String, java.lang.String, java.lang.String, java.lang.String)[pri:0, instance:com.Orange.testCases.EmployeeListTest@15deb1dc]" started-at="2022-06-25T12:57:11Z" name="AddEmployees" data-provider="getTestData" finished-at="2022-06-25T12:57:25Z" duration-ms="13420" status="PASS">
          <params>
            <param index="0">
              <value>
                <![CDATA[Admin]]>
              </value>
            </param>
            <param index="1">
              <value>
                <![CDATA[admin123]]>
              </value>
            </param>
            <param index="2">
              <value>
                <![CDATA[Caterpee]]>
              </value>
            </param>
            <param index="3">
              <value>
                <![CDATA[Metapod]]>
              </value>
            </param>
            <param index="4">
              <value>
                <![CDATA[Butterfree]]>
              </value>
            </param>
            <param index="5">
              <value>
                <![CDATA[012]]>
              </value>
            </param>
            <param index="6">
              <value>
                <![CDATA[\Images\Butterfree.png]]>
              </value>
            </param>
            <param index="7">
              <value>
                <![CDATA[Butterfree]]>
              </value>
            </param>
            <param index="8">
              <value>
                <![CDATA[FreeFreeFree]]>
              </value>
            </param>
            <param index="9">
              <value>
                <![CDATA[FreeFreeFree]]>
              </value>
            </param>
          </params>
          <reporter-output>
          </reporter-output>
        </test-method> <!-- AddEmployees -->
        <test-method is-config="true" signature="teardown()[pri:0, instance:com.Orange.testCases.EmployeeListTest@15deb1dc]" started-at="2022-06-25T12:57:27Z" name="teardown" finished-at="2022-06-25T12:57:27Z" duration-ms="0" status="PASS">
          <reporter-output>
          </reporter-output>
        </test-method> <!-- teardown -->
        <test-method is-config="true" signature="Setup()[pri:0, instance:com.Orange.testCases.EmployeeListTest@15deb1dc]" started-at="2022-06-25T12:57:27Z" name="Setup" finished-at="2022-06-25T12:57:37Z" duration-ms="10048" status="PASS">
          <reporter-output>
          </reporter-output>
        </test-method> <!-- Setup -->
        <test-method signature="AddEmployees(java.lang.String, java.lang.String, java.lang.String, java.lang.String, java.lang.String, java.lang.String, java.lang.String, java.lang.String, java.lang.String, java.lang.String)[pri:0, instance:com.Orange.testCases.EmployeeListTest@15deb1dc]" started-at="2022-06-25T12:57:37Z" name="AddEmployees" data-provider="getTestData" finished-at="2022-06-25T12:57:48Z" duration-ms="11056" status="PASS">
          <params>
            <param index="0">
              <value>
                <![CDATA[Admin]]>
              </value>
            </param>
            <param index="1">
              <value>
                <![CDATA[admin123]]>
              </value>
            </param>
            <param index="2">
              <value>
                <![CDATA[Charmander]]>
              </value>
            </param>
            <param index="3">
              <value>
                <![CDATA[Charmander]]>
              </value>
            </param>
            <param index="4">
              <value>
                <![CDATA[Charmander]]>
              </value>
            </param>
            <param index="5">
              <value>
                <![CDATA[004]]>
              </value>
            </param>
            <param index="6">
              <value>
                <![CDATA[\Images\Charmander.png]]>
              </value>
            </param>
            <param index="7">
              <value>
                <![CDATA[Charmander]]>
              </value>
            </param>
            <param index="8">
              <value>
                <![CDATA[PikaPikaPee]]>
              </value>
            </param>
            <param index="9">
              <value>
                <![CDATA[PikaPikaPee]]>
              </value>
            </param>
          </params>
          <reporter-output>
          </reporter-output>
        </test-method> <!-- AddEmployees -->
        <test-method is-config="true" signature="teardown()[pri:0, instance:com.Orange.testCases.EmployeeListTest@15deb1dc]" started-at="2022-06-25T12:57:50Z" name="teardown" finished-at="2022-06-25T12:57:50Z" duration-ms="1" status="PASS">
          <reporter-output>
          </reporter-output>
        </test-method> <!-- teardown -->
        <test-method is-config="true" signature="Setup()[pri:0, instance:com.Orange.testCases.EmployeeListTest@15deb1dc]" started-at="2022-06-25T12:57:50Z" name="Setup" finished-at="2022-06-25T12:58:00Z" duration-ms="10167" status="PASS">
          <reporter-output>
          </reporter-output>
        </test-method> <!-- Setup -->
        <test-method signature="AddEmployees(java.lang.String, java.lang.String, java.lang.String, java.lang.String, java.lang.String, java.lang.String, java.lang.String, java.lang.String, java.lang.String, java.lang.String)[pri:0, instance:com.Orange.testCases.EmployeeListTest@15deb1dc]" started-at="2022-06-25T12:58:00Z" name="AddEmployees" data-provider="getTestData" finished-at="2022-06-25T12:58:11Z" duration-ms="10354" status="FAIL">
          <params>
            <param index="0">
              <value>
                <![CDATA[Admin]]>
              </value>
            </param>
            <param index="1">
              <value>
                <![CDATA[admin123]]>
              </value>
            </param>
            <param index="2">
              <value>
                <![CDATA[Squirtle]]>
              </value>
            </param>
            <param index="3">
              <value>
                <![CDATA[Squirtle]]>
              </value>
            </param>
            <param index="4">
              <value>
                <![CDATA[Squirtle]]>
              </value>
            </param>
            <param index="5">
              <value>
                <![CDATA[025]]>
              </value>
            </param>
            <param index="6">
              <value>
                <![CDATA[\Images\Squirtle.png]]>
              </value>
            </param>
            <param index="7">
              <value>
                <![CDATA[Squirtle]]>
              </value>
            </param>
            <param index="8">
              <value>
                <![CDATA[SquirtleSquirt]]>
              </value>
            </param>
            <param index="9">
              <value>
                <![CDATA[SquirtleSquirt]]>
              </value>
            </param>
          </params>
          <exception class="org.openqa.selenium.TimeoutException">
            <message>
              <![CDATA[timeout: Timed out receiving message from renderer: 10.000
  (Session info: chrome=102.0.5005.115)
Build info: version: '3.141.59', revision: 'e82be7d358', time: '2018-11-14T08:17:03'
System info: host: 'DESKTOP-R05C0VE', ip: '192.168.0.105', os.name: 'Windows 10', os.arch: 'amd64', os.version: '10.0', java.version: '11.0.14'
Driver info: org.openqa.selenium.chrome.ChromeDriver
Capabilities {acceptInsecureCerts: false, browserName: chrome, browserVersion: 102.0.5005.115, chrome: {chromedriverVersion: 102.0.5005.61 (0e59bcc00cc4..., userDataDir: C:\Users\PRASHA~1\AppData\L...}, goog:chromeOptions: {debuggerAddress: localhost:11275}, javascriptEnabled: true, networkConnectionEnabled: false, pageLoadStrategy: normal, platform: WINDOWS, platformName: WINDOWS, proxy: Proxy(), setWindowRect: true, strictFileInteractability: false, timeouts: {implicit: 0, pageLoad: 300000, script: 30000}, unhandledPromptBehavior: dismiss and notify, webauthn:extension:credBlob: true, webauthn:extension:largeBlob: true, webauthn:virtualAuthenticators: true}
Session ID: 5b3e665832757338d35106757f2b025f]]>
            </message>
            <full-stacktrace>
              <![CDATA[org.openqa.selenium.TimeoutException: timeout: Timed out receiving message from renderer: 10.000
  (Session info: chrome=102.0.5005.115)
Build info: version: '3.141.59', revision: 'e82be7d358', time: '2018-11-14T08:17:03'
System info: host: 'DESKTOP-R05C0VE', ip: '192.168.0.105', os.name: 'Windows 10', os.arch: 'amd64', os.version: '10.0', java.version: '11.0.14'
Driver info: org.openqa.selenium.chrome.ChromeDriver
Capabilities {acceptInsecureCerts: false, browserName: chrome, browserVersion: 102.0.5005.115, chrome: {chromedriverVersion: 102.0.5005.61 (0e59bcc00cc4..., userDataDir: C:\Users\PRASHA~1\AppData\L...}, goog:chromeOptions: {debuggerAddress: localhost:11275}, javascriptEnabled: true, networkConnectionEnabled: false, pageLoadStrategy: normal, platform: WINDOWS, platformName: WINDOWS, proxy: Proxy(), setWindowRect: true, strictFileInteractability: false, timeouts: {implicit: 0, pageLoad: 300000, script: 30000}, unhandledPromptBehavior: dismiss and notify, webauthn:extension:credBlob: true, webauthn:extension:largeBlob: true, webauthn:virtualAuthenticators: true}
Session ID: 5b3e665832757338d35106757f2b025f
	at java.base/jdk.internal.reflect.NativeConstructorAccessorImpl.newInstance0(Native Method)
	at java.base/jdk.internal.reflect.NativeConstructorAccessorImpl.newInstance(NativeConstructorAccessorImpl.java:62)
	at java.base/jdk.internal.reflect.DelegatingConstructorAccessorImpl.newInstance(DelegatingConstructorAccessorImpl.java:45)
	at java.base/java.lang.reflect.Constructor.newInstance(Constructor.java:490)
	at org.openqa.selenium.remote.http.W3CHttpResponseCodec.createException(W3CHttpResponseCodec.java:187)
	at org.openqa.selenium.remote.http.W3CHttpResponseCodec.decode(W3CHttpResponseCodec.java:122)
	at org.openqa.selenium.remote.http.W3CHttpResponseCodec.decode(W3CHttpResponseCodec.java:49)
	at org.openqa.selenium.remote.HttpCommandExecutor.execute(HttpCommandExecutor.java:158)
	at org.openqa.selenium.remote.service.DriverCommandExecutor.execute(DriverCommandExecutor.java:83)
	at org.openqa.selenium.remote.RemoteWebDriver.execute(RemoteWebDriver.java:552)
	at org.openqa.selenium.remote.RemoteWebElement.execute(RemoteWebElement.java:285)
	at org.openqa.selenium.remote.RemoteWebElement.click(RemoteWebElement.java:84)
	at java.base/jdk.internal.reflect.NativeMethodAccessorImpl.invoke0(Native Method)
	at java.base/jdk.internal.reflect.NativeMethodAccessorImpl.invoke(NativeMethodAccessorImpl.java:62)
	at java.base/jdk.internal.reflect.DelegatingMethodAccessorImpl.invoke(DelegatingMethodAccessorImpl.java:43)
	at java.base/java.lang.reflect.Method.invoke(Method.java:566)
	at org.openqa.selenium.support.pagefactory.internal.LocatingElementHandler.invoke(LocatingElementHandler.java:51)
	at com.sun.proxy.$Proxy26.click(Unknown Source)
	at com.OrangeHRM.pages.LoginPage.loginValidation(LoginPage.java:24)
	at com.Orange.testCases.EmployeeListTest.AddEmployees(EmployeeListTest.java:49)
	at java.base/jdk.internal.reflect.NativeMethodAccessorImpl.invoke0(Native Method)
	at java.base/jdk.internal.reflect.NativeMethodAccessorImpl.invoke(NativeMethodAccessorImpl.java:62)
	at java.base/jdk.internal.reflect.DelegatingMethodAccessorImpl.invoke(DelegatingMethodAccessorImpl.java:43)
	at java.base/java.lang.reflect.Method.invoke(Method.java:566)
	at org.testng.internal.MethodInvocationHelper.invokeMethod(MethodInvocationHelper.java:80)
	at org.testng.internal.Invoker.invokeMethod(Invoker.java:714)
	at org.testng.internal.Invoker.invokeTestMethod(Invoker.java:901)
	at org.testng.internal.Invoker.invokeTestMethods(Invoker.java:1231)
	at org.testng.internal.TestMethodWorker.invokeTestMethods(TestMethodWorker.java:127)
	at org.testng.internal.TestMethodWorker.run(TestMethodWorker.java:111)
	at org.testng.TestRunner.privateRun(TestRunner.java:767)
	at org.testng.TestRunner.run(TestRunner.java:617)
	at org.testng.SuiteRunner.runTest(SuiteRunner.java:334)
	at org.testng.SuiteRunner.runSequentially(SuiteRunner.java:329)
	at org.testng.SuiteRunner.privateRun(SuiteRunner.java:291)
	at org.testng.SuiteRunner.run(SuiteRunner.java:240)
	at org.testng.SuiteRunnerWorker.runSuite(SuiteRunnerWorker.java:52)
	at org.testng.SuiteRunnerWorker.run(SuiteRunnerWorker.java:86)
	at org.testng.TestNG.runSuitesSequentially(TestNG.java:1198)
	at org.testng.TestNG.runSuitesLocally(TestNG.java:1123)
	at org.testng.TestNG.run(TestNG.java:1031)
	at org.apache.maven.surefire.testng.TestNGExecutor.run(TestNGExecutor.java:324)
	at org.apache.maven.surefire.testng.TestNGXmlTestSuite.execute(TestNGXmlTestSuite.java:74)
	at org.apache.maven.surefire.testng.TestNGProvider.invoke(TestNGProvider.java:123)
	at org.apache.maven.surefire.booter.ForkedBooter.runSuitesInProcess(ForkedBooter.java:456)
	at org.apache.maven.surefire.booter.ForkedBooter.execute(ForkedBooter.java:169)
	at org.apache.maven.surefire.booter.ForkedBooter.run(ForkedBooter.java:595)
	at org.apache.maven.surefire.booter.ForkedBooter.main(ForkedBooter.java:581)
]]>
            </full-stacktrace>
          </exception> <!-- org.openqa.selenium.TimeoutException -->
          <reporter-output>
          </reporter-output>
        </test-method> <!-- AddEmployees -->
        <test-method is-config="true" signature="teardown()[pri:0, instance:com.Orange.testCases.EmployeeListTest@15deb1dc]" started-at="2022-06-25T12:58:12Z" name="teardown" finished-at="2022-06-25T12:58:13Z" duration-ms="745" status="PASS">
          <reporter-output>
          </reporter-output>
        </test-method> <!-- teardown -->
        <test-method is-config="true" signature="Setup()[pri:0, instance:com.Orange.testCases.EmployeeListTest@15deb1dc]" started-at="2022-06-25T12:58:13Z" name="Setup" finished-at="2022-06-25T12:58:21Z" duration-ms="7996" status="PASS">
          <reporter-output>
          </reporter-output>
        </test-method> <!-- Setup -->
        <test-method signature="AddEmployees(java.lang.String, java.lang.String, java.lang.String, java.lang.String, java.lang.String, java.lang.String, java.lang.String, java.lang.String, java.lang.String, java.lang.String)[pri:0, instance:com.Orange.testCases.EmployeeListTest@15deb1dc]" started-at="2022-06-25T12:58:21Z" name="AddEmployees" data-provider="getTestData" finished-at="2022-06-25T12:58:32Z" duration-ms="11312" status="PASS">
          <params>
            <param index="0">
              <value>
                <![CDATA[Admin]]>
              </value>
            </param>
            <param index="1">
              <value>
                <![CDATA[admin123]]>
              </value>
            </param>
            <param index="2">
              <value>
                <![CDATA[Bulbasaur]]>
              </value>
            </param>
            <param index="3">
              <value>
                <![CDATA[Bulbasaur]]>
              </value>
            </param>
            <param index="4">
              <value>
                <![CDATA[Bulbasaur]]>
              </value>
            </param>
            <param index="5">
              <value>
                <![CDATA[001]]>
              </value>
            </param>
            <param index="6">
              <value>
                <![CDATA[\Images\Bulbasaur.png]]>
              </value>
            </param>
            <param index="7">
              <value>
                <![CDATA[Bulbasaur]]>
              </value>
            </param>
            <param index="8">
              <value>
                <![CDATA[BulbaBulb]]>
              </value>
            </param>
            <param index="9">
              <value>
                <![CDATA[BulbaBulb]]>
              </value>
            </param>
          </params>
          <reporter-output>
          </reporter-output>
        </test-method> <!-- AddEmployees -->
        <test-method is-config="true" signature="teardown()[pri:0, instance:com.Orange.testCases.EmployeeListTest@15deb1dc]" started-at="2022-06-25T12:58:34Z" name="teardown" finished-at="2022-06-25T12:58:34Z" duration-ms="1" status="PASS">
          <reporter-output>
          </reporter-output>
        </test-method> <!-- teardown -->
      </class> <!-- com.Orange.testCases.EmployeeListTest -->
      <class name="com.Orange.testCases.LoginPageTest">
        <test-method is-config="true" signature="Setup()[pri:0, instance:com.Orange.testCases.LoginPageTest@3c1e3314]" started-at="2022-06-25T12:55:55Z" name="Setup" finished-at="2022-06-25T12:56:04Z" duration-ms="9382" status="PASS">
          <reporter-output>
          </reporter-output>
        </test-method> <!-- Setup -->
        <test-method signature="loginValidation(java.lang.String, java.lang.String)[pri:0, instance:com.Orange.testCases.LoginPageTest@3c1e3314]" started-at="2022-06-25T12:56:04Z" name="loginValidation" data-provider="getTestData" finished-at="2022-06-25T12:56:09Z" duration-ms="5418" status="PASS">
          <params>
            <param index="0">
              <value>
                <![CDATA[Admin]]>
              </value>
            </param>
            <param index="1">
              <value>
                <![CDATA[admin123]]>
              </value>
            </param>
          </params>
          <reporter-output>
          </reporter-output>
        </test-method> <!-- loginValidation -->
        <test-method is-config="true" signature="tearDown()[pri:0, instance:com.Orange.testCases.LoginPageTest@3c1e3314]" started-at="2022-06-25T12:56:11Z" name="tearDown" finished-at="2022-06-25T12:56:11Z" duration-ms="1" status="PASS">
          <reporter-output>
          </reporter-output>
        </test-method> <!-- tearDown -->
      </class> <!-- com.Orange.testCases.LoginPageTest -->
    </test> <!-- Test -->
  </suite> <!-- Suite -->
</testng-results>
