<?xml version="1.0" encoding="UTF-8"?>
<testng-results total="7" passed="7" failed="0" skipped="0">
  <reporter-output>
  </reporter-output>
  <suite started-at="2022-06-26T03:09:02Z" name="Suite" finished-at="2022-06-26T03:11:46Z" duration-ms="163529">
    <groups>
    </groups>
    <test started-at="2022-06-26T03:09:02Z" name="Test" finished-at="2022-06-26T03:11:46Z" duration-ms="163529">
      <class name="com.Orange.testCases.EmployeeListTest">
        <test-method is-config="true" signature="Setup()[pri:0, instance:com.Orange.testCases.EmployeeListTest@4201a617]" started-at="2022-06-26T08:39:19Z" name="Setup" finished-at="2022-06-26T08:39:28Z" duration-ms="9725" status="PASS">
          <reporter-output>
          </reporter-output>
        </test-method> <!-- Setup -->
        <test-method signature="AddEmployees(java.lang.String, java.lang.String, java.lang.String, java.lang.String, java.lang.String, java.lang.String, java.lang.String, java.lang.String, java.lang.String, java.lang.String)[pri:0, instance:com.Orange.testCases.EmployeeListTest@4201a617]" started-at="2022-06-26T08:39:28Z" name="AddEmployees" data-provider="getTestData" finished-at="2022-06-26T08:39:40Z" duration-ms="11465" status="PASS">
          <params>
            <param index="0">
              <value>
                <![CDATA[Admin]]>
              </value>
            </param>
            <param index="1">
              <value>
                <![CDATA[admin123]]>
              </value>
            </param>
            <param index="2">
              <value>
                <![CDATA[Pichu]]>
              </value>
            </param>
            <param index="3">
              <value>
                <![CDATA[Pikachu]]>
              </value>
            </param>
            <param index="4">
              <value>
                <![CDATA[Pikachu]]>
              </value>
            </param>
            <param index="5">
              <value>
                <![CDATA[025]]>
              </value>
            </param>
            <param index="6">
              <value>
                <![CDATA[\Images\Pikachu.png]]>
              </value>
            </param>
            <param index="7">
              <value>
                <![CDATA[Pikachu]]>
              </value>
            </param>
            <param index="8">
              <value>
                <![CDATA[PikaPikaPee]]>
              </value>
            </param>
            <param index="9">
              <value>
                <![CDATA[PikaPikaPee]]>
              </value>
            </param>
          </params>
          <reporter-output>
          </reporter-output>
        </test-method> <!-- AddEmployees -->
        <test-method is-config="true" signature="teardown()[pri:0, instance:com.Orange.testCases.EmployeeListTest@4201a617]" started-at="2022-06-26T08:39:40Z" name="teardown" finished-at="2022-06-26T08:39:40Z" duration-ms="1" status="PASS">
          <reporter-output>
          </reporter-output>
        </test-method> <!-- teardown -->
        <test-method is-config="true" signature="Setup()[pri:0, instance:com.Orange.testCases.EmployeeListTest@4201a617]" started-at="2022-06-26T08:39:40Z" name="Setup" finished-at="2022-06-26T08:39:50Z" duration-ms="9920" status="PASS">
          <reporter-output>
          </reporter-output>
        </test-method> <!-- Setup -->
        <test-method signature="AddEmployees(java.lang.String, java.lang.String, java.lang.String, java.lang.String, java.lang.String, java.lang.String, java.lang.String, java.lang.String, java.lang.String, java.lang.String)[pri:0, instance:com.Orange.testCases.EmployeeListTest@4201a617]" started-at="2022-06-26T08:39:50Z" name="AddEmployees" data-provider="getTestData" finished-at="2022-06-26T08:40:04Z" duration-ms="13671" status="PASS">
          <params>
            <param index="0">
              <value>
                <![CDATA[Admin]]>
              </value>
            </param>
            <param index="1">
              <value>
                <![CDATA[admin123]]>
              </value>
            </param>
            <param index="2">
              <value>
                <![CDATA[Pidgey]]>
              </value>
            </param>
            <param index="3">
              <value>
                <![CDATA[Pidgeotto]]>
              </value>
            </param>
            <param index="4">
              <value>
                <![CDATA[Pidgeotto]]>
              </value>
            </param>
            <param index="5">
              <value>
                <![CDATA[017]]>
              </value>
            </param>
            <param index="6">
              <value>
                <![CDATA[\Images\Pidgeotto.png]]>
              </value>
            </param>
            <param index="7">
              <value>
                <![CDATA[Pidgeotto]]>
              </value>
            </param>
            <param index="8">
              <value>
                <![CDATA[HaaHaaHaa]]>
              </value>
            </param>
            <param index="9">
              <value>
                <![CDATA[HaaHaaHaa]]>
              </value>
            </param>
          </params>
          <reporter-output>
          </reporter-output>
        </test-method> <!-- AddEmployees -->
        <test-method is-config="true" signature="Setup()[pri:0, instance:com.Orange.testCases.EmployeeListTest@4201a617]" started-at="2022-06-26T08:40:05Z" name="Setup" finished-at="2022-06-26T08:40:13Z" duration-ms="8677" status="PASS">
          <reporter-output>
          </reporter-output>
        </test-method> <!-- Setup -->
        <test-method is-config="true" signature="teardown()[pri:0, instance:com.Orange.testCases.EmployeeListTest@4201a617]" started-at="2022-06-26T08:40:05Z" name="teardown" finished-at="2022-06-26T08:40:05Z" duration-ms="0" status="PASS">
          <reporter-output>
          </reporter-output>
        </test-method> <!-- teardown -->
        <test-method signature="AddEmployees(java.lang.String, java.lang.String, java.lang.String, java.lang.String, java.lang.String, java.lang.String, java.lang.String, java.lang.String, java.lang.String, java.lang.String)[pri:0, instance:com.Orange.testCases.EmployeeListTest@4201a617]" started-at="2022-06-26T08:40:13Z" name="AddEmployees" data-provider="getTestData" finished-at="2022-06-26T08:40:29Z" duration-ms="16098" status="PASS">
          <params>
            <param index="0">
              <value>
                <![CDATA[Admin]]>
              </value>
            </param>
            <param index="1">
              <value>
                <![CDATA[admin123]]>
              </value>
            </param>
            <param index="2">
              <value>
                <![CDATA[Caterpee]]>
              </value>
            </param>
            <param index="3">
              <value>
                <![CDATA[Metapod]]>
              </value>
            </param>
            <param index="4">
              <value>
                <![CDATA[Butterfree]]>
              </value>
            </param>
            <param index="5">
              <value>
                <![CDATA[012]]>
              </value>
            </param>
            <param index="6">
              <value>
                <![CDATA[\Images\Butterfree.png]]>
              </value>
            </param>
            <param index="7">
              <value>
                <![CDATA[Butterfree]]>
              </value>
            </param>
            <param index="8">
              <value>
                <![CDATA[FreeFreeFree]]>
              </value>
            </param>
            <param index="9">
              <value>
                <![CDATA[FreeFreeFree]]>
              </value>
            </param>
          </params>
          <reporter-output>
          </reporter-output>
        </test-method> <!-- AddEmployees -->
        <test-method is-config="true" signature="teardown()[pri:0, instance:com.Orange.testCases.EmployeeListTest@4201a617]" started-at="2022-06-26T08:40:32Z" name="teardown" finished-at="2022-06-26T08:40:32Z" duration-ms="0" status="PASS">
          <reporter-output>
          </reporter-output>
        </test-method> <!-- teardown -->
        <test-method is-config="true" signature="Setup()[pri:0, instance:com.Orange.testCases.EmployeeListTest@4201a617]" started-at="2022-06-26T08:40:32Z" name="Setup" finished-at="2022-06-26T08:40:41Z" duration-ms="9135" status="PASS">
          <reporter-output>
          </reporter-output>
        </test-method> <!-- Setup -->
        <test-method signature="AddEmployees(java.lang.String, java.lang.String, java.lang.String, java.lang.String, java.lang.String, java.lang.String, java.lang.String, java.lang.String, java.lang.String, java.lang.String)[pri:0, instance:com.Orange.testCases.EmployeeListTest@4201a617]" started-at="2022-06-26T08:40:41Z" name="AddEmployees" data-provider="getTestData" finished-at="2022-06-26T08:40:57Z" duration-ms="16033" status="PASS">
          <params>
            <param index="0">
              <value>
                <![CDATA[Admin]]>
              </value>
            </param>
            <param index="1">
              <value>
                <![CDATA[admin123]]>
              </value>
            </param>
            <param index="2">
              <value>
                <![CDATA[Charmander]]>
              </value>
            </param>
            <param index="3">
              <value>
                <![CDATA[Charmander]]>
              </value>
            </param>
            <param index="4">
              <value>
                <![CDATA[Charmander]]>
              </value>
            </param>
            <param index="5">
              <value>
                <![CDATA[004]]>
              </value>
            </param>
            <param index="6">
              <value>
                <![CDATA[\Images\Charmander.png]]>
              </value>
            </param>
            <param index="7">
              <value>
                <![CDATA[Charmander]]>
              </value>
            </param>
            <param index="8">
              <value>
                <![CDATA[PikaPikaPee]]>
              </value>
            </param>
            <param index="9">
              <value>
                <![CDATA[PikaPikaPee]]>
              </value>
            </param>
          </params>
          <reporter-output>
          </reporter-output>
        </test-method> <!-- AddEmployees -->
        <test-method is-config="true" signature="teardown()[pri:0, instance:com.Orange.testCases.EmployeeListTest@4201a617]" started-at="2022-06-26T08:40:58Z" name="teardown" finished-at="2022-06-26T08:40:58Z" duration-ms="0" status="PASS">
          <reporter-output>
          </reporter-output>
        </test-method> <!-- teardown -->
        <test-method is-config="true" signature="Setup()[pri:0, instance:com.Orange.testCases.EmployeeListTest@4201a617]" started-at="2022-06-26T08:40:58Z" name="Setup" finished-at="2022-06-26T08:41:08Z" duration-ms="10167" status="PASS">
          <reporter-output>
          </reporter-output>
        </test-method> <!-- Setup -->
        <test-method signature="AddEmployees(java.lang.String, java.lang.String, java.lang.String, java.lang.String, java.lang.String, java.lang.String, java.lang.String, java.lang.String, java.lang.String, java.lang.String)[pri:0, instance:com.Orange.testCases.EmployeeListTest@4201a617]" started-at="2022-06-26T08:41:08Z" name="AddEmployees" data-provider="getTestData" finished-at="2022-06-26T08:41:21Z" duration-ms="13147" status="PASS">
          <params>
            <param index="0">
              <value>
                <![CDATA[Admin]]>
              </value>
            </param>
            <param index="1">
              <value>
                <![CDATA[admin123]]>
              </value>
            </param>
            <param index="2">
              <value>
                <![CDATA[Squirtle]]>
              </value>
            </param>
            <param index="3">
              <value>
                <![CDATA[Squirtle]]>
              </value>
            </param>
            <param index="4">
              <value>
                <![CDATA[Squirtle]]>
              </value>
            </param>
            <param index="5">
              <value>
                <![CDATA[025]]>
              </value>
            </param>
            <param index="6">
              <value>
                <![CDATA[\Images\Squirtle.png]]>
              </value>
            </param>
            <param index="7">
              <value>
                <![CDATA[Squirtle]]>
              </value>
            </param>
            <param index="8">
              <value>
                <![CDATA[SquirtleSquirt]]>
              </value>
            </param>
            <param index="9">
              <value>
                <![CDATA[SquirtleSquirt]]>
              </value>
            </param>
          </params>
          <reporter-output>
          </reporter-output>
        </test-method> <!-- AddEmployees -->
        <test-method is-config="true" signature="teardown()[pri:0, instance:com.Orange.testCases.EmployeeListTest@4201a617]" started-at="2022-06-26T08:41:23Z" name="teardown" finished-at="2022-06-26T08:41:23Z" duration-ms="1" status="PASS">
          <reporter-output>
          </reporter-output>
        </test-method> <!-- teardown -->
        <test-method is-config="true" signature="Setup()[pri:0, instance:com.Orange.testCases.EmployeeListTest@4201a617]" started-at="2022-06-26T08:41:23Z" name="Setup" finished-at="2022-06-26T08:41:32Z" duration-ms="9344" status="PASS">
          <reporter-output>
          </reporter-output>
        </test-method> <!-- Setup -->
        <test-method signature="AddEmployees(java.lang.String, java.lang.String, java.lang.String, java.lang.String, java.lang.String, java.lang.String, java.lang.String, java.lang.String, java.lang.String, java.lang.String)[pri:0, instance:com.Orange.testCases.EmployeeListTest@4201a617]" started-at="2022-06-26T08:41:32Z" name="AddEmployees" data-provider="getTestData" finished-at="2022-06-26T08:41:44Z" duration-ms="12090" status="PASS">
          <params>
            <param index="0">
              <value>
                <![CDATA[Admin]]>
              </value>
            </param>
            <param index="1">
              <value>
                <![CDATA[admin123]]>
              </value>
            </param>
            <param index="2">
              <value>
                <![CDATA[Bulbasaur]]>
              </value>
            </param>
            <param index="3">
              <value>
                <![CDATA[Bulbasaur]]>
              </value>
            </param>
            <param index="4">
              <value>
                <![CDATA[Bulbasaur]]>
              </value>
            </param>
            <param index="5">
              <value>
                <![CDATA[001]]>
              </value>
            </param>
            <param index="6">
              <value>
                <![CDATA[\Images\Bulbasaur.png]]>
              </value>
            </param>
            <param index="7">
              <value>
                <![CDATA[Bulbasaur]]>
              </value>
            </param>
            <param index="8">
              <value>
                <![CDATA[BulbaBulb]]>
              </value>
            </param>
            <param index="9">
              <value>
                <![CDATA[BulbaBulb]]>
              </value>
            </param>
          </params>
          <reporter-output>
          </reporter-output>
        </test-method> <!-- AddEmployees -->
        <test-method is-config="true" signature="teardown()[pri:0, instance:com.Orange.testCases.EmployeeListTest@4201a617]" started-at="2022-06-26T08:41:46Z" name="teardown" finished-at="2022-06-26T08:41:46Z" duration-ms="1" status="PASS">
          <reporter-output>
          </reporter-output>
        </test-method> <!-- teardown -->
      </class> <!-- com.Orange.testCases.EmployeeListTest -->
      <class name="com.Orange.testCases.LoginPageTest">
        <test-method is-config="true" signature="Setup()[pri:0, instance:com.Orange.testCases.LoginPageTest@4102b1b1]" started-at="2022-06-26T08:39:03Z" name="Setup" finished-at="2022-06-26T08:39:12Z" duration-ms="9223" status="PASS">
          <reporter-output>
          </reporter-output>
        </test-method> <!-- Setup -->
        <test-method signature="loginValidation(java.lang.String, java.lang.String)[pri:0, instance:com.Orange.testCases.LoginPageTest@4102b1b1]" started-at="2022-06-26T08:39:12Z" name="loginValidation" data-provider="getTestData" finished-at="2022-06-26T08:39:18Z" duration-ms="6147" status="PASS">
          <params>
            <param index="0">
              <value>
                <![CDATA[Admin]]>
              </value>
            </param>
            <param index="1">
              <value>
                <![CDATA[admin123]]>
              </value>
            </param>
          </params>
          <reporter-output>
          </reporter-output>
        </test-method> <!-- loginValidation -->
        <test-method is-config="true" signature="tearDown()[pri:0, instance:com.Orange.testCases.LoginPageTest@4102b1b1]" started-at="2022-06-26T08:39:19Z" name="tearDown" finished-at="2022-06-26T08:39:19Z" duration-ms="0" status="PASS">
          <reporter-output>
          </reporter-output>
        </test-method> <!-- tearDown -->
      </class> <!-- com.Orange.testCases.LoginPageTest -->
    </test> <!-- Test -->
  </suite> <!-- Suite -->
</testng-results>
