<?xml version="1.0" encoding="UTF-8"?>
<testng-results total="8" passed="8" failed="0" skipped="0">
  <reporter-output>
  </reporter-output>
  <suite started-at="2022-06-25T07:08:14Z" name="Suite" finished-at="2022-06-25T07:11:26Z" duration-ms="192261">
    <groups>
    </groups>
    <test started-at="2022-06-25T07:08:14Z" name="Test" finished-at="2022-06-25T07:11:26Z" duration-ms="192261">
      <class name="com.Orange.testCases.CandidateDetailsTest">
        <test-method is-config="true" signature="Setup()[pri:0, instance:com.Orange.testCases.CandidateDetailsTest@7d2a6eac]" started-at="2022-06-25T12:41:05Z" name="Setup" finished-at="2022-06-25T12:41:13Z" duration-ms="8394" status="PASS">
          <reporter-output>
          </reporter-output>
        </test-method> <!-- Setup -->
        <test-method signature="DownloadCV(java.lang.String, java.lang.String)[pri:0, instance:com.Orange.testCases.CandidateDetailsTest@7d2a6eac]" started-at="2022-06-25T12:41:13Z" name="DownloadCV" description="Download CV for Validation" data-provider="getTestData" finished-at="2022-06-25T12:41:25Z" duration-ms="12146" status="PASS">
          <params>
            <param index="0">
              <value>
                <![CDATA[Admin]]>
              </value>
            </param>
            <param index="1">
              <value>
                <![CDATA[admin123]]>
              </value>
            </param>
          </params>
          <reporter-output>
          </reporter-output>
        </test-method> <!-- DownloadCV -->
        <test-method is-config="true" signature="CloseBrowser()[pri:0, instance:com.Orange.testCases.CandidateDetailsTest@7d2a6eac]" started-at="2022-06-25T12:41:26Z" name="CloseBrowser" finished-at="2022-06-25T12:41:26Z" duration-ms="1" status="PASS">
          <reporter-output>
          </reporter-output>
        </test-method> <!-- CloseBrowser -->
      </class> <!-- com.Orange.testCases.CandidateDetailsTest -->
      <class name="com.Orange.testCases.EmployeeListTest">
        <test-method is-config="true" signature="Setup()[pri:0, instance:com.Orange.testCases.EmployeeListTest@6c2f1700]" started-at="2022-06-25T12:38:37Z" name="Setup" finished-at="2022-06-25T12:38:45Z" duration-ms="7697" status="PASS">
          <reporter-output>
          </reporter-output>
        </test-method> <!-- Setup -->
        <test-method signature="AddEmployees(java.lang.String, java.lang.String, java.lang.String, java.lang.String, java.lang.String, java.lang.String, java.lang.String, java.lang.String, java.lang.String, java.lang.String)[pri:0, instance:com.Orange.testCases.EmployeeListTest@6c2f1700]" started-at="2022-06-25T12:38:45Z" name="AddEmployees" data-provider="getTestData" finished-at="2022-06-25T12:38:59Z" duration-ms="14143" status="PASS">
          <params>
            <param index="0">
              <value>
                <![CDATA[Admin]]>
              </value>
            </param>
            <param index="1">
              <value>
                <![CDATA[admin123]]>
              </value>
            </param>
            <param index="2">
              <value>
                <![CDATA[Pichu]]>
              </value>
            </param>
            <param index="3">
              <value>
                <![CDATA[Pikachu]]>
              </value>
            </param>
            <param index="4">
              <value>
                <![CDATA[Pikachu]]>
              </value>
            </param>
            <param index="5">
              <value>
                <![CDATA[025]]>
              </value>
            </param>
            <param index="6">
              <value>
                <![CDATA[\Images\Pikachu.png]]>
              </value>
            </param>
            <param index="7">
              <value>
                <![CDATA[Pikachu]]>
              </value>
            </param>
            <param index="8">
              <value>
                <![CDATA[PikaPikaPee]]>
              </value>
            </param>
            <param index="9">
              <value>
                <![CDATA[PikaPikaPee]]>
              </value>
            </param>
          </params>
          <reporter-output>
          </reporter-output>
        </test-method> <!-- AddEmployees -->
        <test-method is-config="true" signature="teardown()[pri:0, instance:com.Orange.testCases.EmployeeListTest@6c2f1700]" started-at="2022-06-25T12:39:00Z" name="teardown" finished-at="2022-06-25T12:39:00Z" duration-ms="0" status="PASS">
          <reporter-output>
          </reporter-output>
        </test-method> <!-- teardown -->
        <test-method is-config="true" signature="Setup()[pri:0, instance:com.Orange.testCases.EmployeeListTest@6c2f1700]" started-at="2022-06-25T12:39:00Z" name="Setup" finished-at="2022-06-25T12:39:10Z" duration-ms="9913" status="PASS">
          <reporter-output>
          </reporter-output>
        </test-method> <!-- Setup -->
        <test-method signature="AddEmployees(java.lang.String, java.lang.String, java.lang.String, java.lang.String, java.lang.String, java.lang.String, java.lang.String, java.lang.String, java.lang.String, java.lang.String)[pri:0, instance:com.Orange.testCases.EmployeeListTest@6c2f1700]" started-at="2022-06-25T12:39:10Z" name="AddEmployees" data-provider="getTestData" finished-at="2022-06-25T12:39:24Z" duration-ms="13620" status="PASS">
          <params>
            <param index="0">
              <value>
                <![CDATA[Admin]]>
              </value>
            </param>
            <param index="1">
              <value>
                <![CDATA[admin123]]>
              </value>
            </param>
            <param index="2">
              <value>
                <![CDATA[Pidgey]]>
              </value>
            </param>
            <param index="3">
              <value>
                <![CDATA[Pidgeotto]]>
              </value>
            </param>
            <param index="4">
              <value>
                <![CDATA[Pidgeotto]]>
              </value>
            </param>
            <param index="5">
              <value>
                <![CDATA[017]]>
              </value>
            </param>
            <param index="6">
              <value>
                <![CDATA[\Images\Pidgeotto.png]]>
              </value>
            </param>
            <param index="7">
              <value>
                <![CDATA[Pidgeotto]]>
              </value>
            </param>
            <param index="8">
              <value>
                <![CDATA[HaaHaaHaa]]>
              </value>
            </param>
            <param index="9">
              <value>
                <![CDATA[HaaHaaHaa]]>
              </value>
            </param>
          </params>
          <reporter-output>
          </reporter-output>
        </test-method> <!-- AddEmployees -->
        <test-method is-config="true" signature="teardown()[pri:0, instance:com.Orange.testCases.EmployeeListTest@6c2f1700]" started-at="2022-06-25T12:39:25Z" name="teardown" finished-at="2022-06-25T12:39:25Z" duration-ms="1" status="PASS">
          <reporter-output>
          </reporter-output>
        </test-method> <!-- teardown -->
        <test-method is-config="true" signature="Setup()[pri:0, instance:com.Orange.testCases.EmployeeListTest@6c2f1700]" started-at="2022-06-25T12:39:25Z" name="Setup" finished-at="2022-06-25T12:39:32Z" duration-ms="7834" status="PASS">
          <reporter-output>
          </reporter-output>
        </test-method> <!-- Setup -->
        <test-method signature="AddEmployees(java.lang.String, java.lang.String, java.lang.String, java.lang.String, java.lang.String, java.lang.String, java.lang.String, java.lang.String, java.lang.String, java.lang.String)[pri:0, instance:com.Orange.testCases.EmployeeListTest@6c2f1700]" started-at="2022-06-25T12:39:32Z" name="AddEmployees" data-provider="getTestData" finished-at="2022-06-25T12:39:46Z" duration-ms="13812" status="PASS">
          <params>
            <param index="0">
              <value>
                <![CDATA[Admin]]>
              </value>
            </param>
            <param index="1">
              <value>
                <![CDATA[admin123]]>
              </value>
            </param>
            <param index="2">
              <value>
                <![CDATA[Caterpee]]>
              </value>
            </param>
            <param index="3">
              <value>
                <![CDATA[Metapod]]>
              </value>
            </param>
            <param index="4">
              <value>
                <![CDATA[Butterfree]]>
              </value>
            </param>
            <param index="5">
              <value>
                <![CDATA[012]]>
              </value>
            </param>
            <param index="6">
              <value>
                <![CDATA[\Images\Butterfree.png]]>
              </value>
            </param>
            <param index="7">
              <value>
                <![CDATA[Butterfree]]>
              </value>
            </param>
            <param index="8">
              <value>
                <![CDATA[FreeFreeFree]]>
              </value>
            </param>
            <param index="9">
              <value>
                <![CDATA[FreeFreeFree]]>
              </value>
            </param>
          </params>
          <reporter-output>
          </reporter-output>
        </test-method> <!-- AddEmployees -->
        <test-method is-config="true" signature="teardown()[pri:0, instance:com.Orange.testCases.EmployeeListTest@6c2f1700]" started-at="2022-06-25T12:39:47Z" name="teardown" finished-at="2022-06-25T12:39:47Z" duration-ms="2" status="PASS">
          <reporter-output>
          </reporter-output>
        </test-method> <!-- teardown -->
        <test-method is-config="true" signature="Setup()[pri:0, instance:com.Orange.testCases.EmployeeListTest@6c2f1700]" started-at="2022-06-25T12:39:47Z" name="Setup" finished-at="2022-06-25T12:39:56Z" duration-ms="9145" status="PASS">
          <reporter-output>
          </reporter-output>
        </test-method> <!-- Setup -->
        <test-method signature="AddEmployees(java.lang.String, java.lang.String, java.lang.String, java.lang.String, java.lang.String, java.lang.String, java.lang.String, java.lang.String, java.lang.String, java.lang.String)[pri:0, instance:com.Orange.testCases.EmployeeListTest@6c2f1700]" started-at="2022-06-25T12:39:56Z" name="AddEmployees" data-provider="getTestData" finished-at="2022-06-25T12:40:13Z" duration-ms="16401" status="PASS">
          <params>
            <param index="0">
              <value>
                <![CDATA[Admin]]>
              </value>
            </param>
            <param index="1">
              <value>
                <![CDATA[admin123]]>
              </value>
            </param>
            <param index="2">
              <value>
                <![CDATA[Charmander]]>
              </value>
            </param>
            <param index="3">
              <value>
                <![CDATA[Charmander]]>
              </value>
            </param>
            <param index="4">
              <value>
                <![CDATA[Charmander]]>
              </value>
            </param>
            <param index="5">
              <value>
                <![CDATA[004]]>
              </value>
            </param>
            <param index="6">
              <value>
                <![CDATA[\Images\Charmander.png]]>
              </value>
            </param>
            <param index="7">
              <value>
                <![CDATA[Charmander]]>
              </value>
            </param>
            <param index="8">
              <value>
                <![CDATA[PikaPikaPee]]>
              </value>
            </param>
            <param index="9">
              <value>
                <![CDATA[PikaPikaPee]]>
              </value>
            </param>
          </params>
          <reporter-output>
          </reporter-output>
        </test-method> <!-- AddEmployees -->
        <test-method is-config="true" signature="teardown()[pri:0, instance:com.Orange.testCases.EmployeeListTest@6c2f1700]" started-at="2022-06-25T12:40:13Z" name="teardown" finished-at="2022-06-25T12:40:13Z" duration-ms="0" status="PASS">
          <reporter-output>
          </reporter-output>
        </test-method> <!-- teardown -->
        <test-method is-config="true" signature="Setup()[pri:0, instance:com.Orange.testCases.EmployeeListTest@6c2f1700]" started-at="2022-06-25T12:40:13Z" name="Setup" finished-at="2022-06-25T12:40:23Z" duration-ms="9420" status="PASS">
          <reporter-output>
          </reporter-output>
        </test-method> <!-- Setup -->
        <test-method signature="AddEmployees(java.lang.String, java.lang.String, java.lang.String, java.lang.String, java.lang.String, java.lang.String, java.lang.String, java.lang.String, java.lang.String, java.lang.String)[pri:0, instance:com.Orange.testCases.EmployeeListTest@6c2f1700]" started-at="2022-06-25T12:40:23Z" name="AddEmployees" data-provider="getTestData" finished-at="2022-06-25T12:40:37Z" duration-ms="14323" status="PASS">
          <params>
            <param index="0">
              <value>
                <![CDATA[Admin]]>
              </value>
            </param>
            <param index="1">
              <value>
                <![CDATA[admin123]]>
              </value>
            </param>
            <param index="2">
              <value>
                <![CDATA[Squirtle]]>
              </value>
            </param>
            <param index="3">
              <value>
                <![CDATA[Squirtle]]>
              </value>
            </param>
            <param index="4">
              <value>
                <![CDATA[Squirtle]]>
              </value>
            </param>
            <param index="5">
              <value>
                <![CDATA[025]]>
              </value>
            </param>
            <param index="6">
              <value>
                <![CDATA[\Images\Squirtle.png]]>
              </value>
            </param>
            <param index="7">
              <value>
                <![CDATA[Squirtle]]>
              </value>
            </param>
            <param index="8">
              <value>
                <![CDATA[SquirtleSquirt]]>
              </value>
            </param>
            <param index="9">
              <value>
                <![CDATA[SquirtleSquirt]]>
              </value>
            </param>
          </params>
          <reporter-output>
          </reporter-output>
        </test-method> <!-- AddEmployees -->
        <test-method is-config="true" signature="teardown()[pri:0, instance:com.Orange.testCases.EmployeeListTest@6c2f1700]" started-at="2022-06-25T12:40:39Z" name="teardown" finished-at="2022-06-25T12:40:39Z" duration-ms="1" status="PASS">
          <reporter-output>
          </reporter-output>
        </test-method> <!-- teardown -->
        <test-method is-config="true" signature="Setup()[pri:0, instance:com.Orange.testCases.EmployeeListTest@6c2f1700]" started-at="2022-06-25T12:40:39Z" name="Setup" finished-at="2022-06-25T12:40:50Z" duration-ms="11403" status="PASS">
          <reporter-output>
          </reporter-output>
        </test-method> <!-- Setup -->
        <test-method signature="AddEmployees(java.lang.String, java.lang.String, java.lang.String, java.lang.String, java.lang.String, java.lang.String, java.lang.String, java.lang.String, java.lang.String, java.lang.String)[pri:0, instance:com.Orange.testCases.EmployeeListTest@6c2f1700]" started-at="2022-06-25T12:40:50Z" name="AddEmployees" data-provider="getTestData" finished-at="2022-06-25T12:41:04Z" duration-ms="13224" status="PASS">
          <params>
            <param index="0">
              <value>
                <![CDATA[Admin]]>
              </value>
            </param>
            <param index="1">
              <value>
                <![CDATA[admin123]]>
              </value>
            </param>
            <param index="2">
              <value>
                <![CDATA[Bulbasaur]]>
              </value>
            </param>
            <param index="3">
              <value>
                <![CDATA[Bulbasaur]]>
              </value>
            </param>
            <param index="4">
              <value>
                <![CDATA[Bulbasaur]]>
              </value>
            </param>
            <param index="5">
              <value>
                <![CDATA[001]]>
              </value>
            </param>
            <param index="6">
              <value>
                <![CDATA[\Images\Bulbasaur.png]]>
              </value>
            </param>
            <param index="7">
              <value>
                <![CDATA[Bulbasaur]]>
              </value>
            </param>
            <param index="8">
              <value>
                <![CDATA[BulbaBulb]]>
              </value>
            </param>
            <param index="9">
              <value>
                <![CDATA[BulbaBulb]]>
              </value>
            </param>
          </params>
          <reporter-output>
          </reporter-output>
        </test-method> <!-- AddEmployees -->
        <test-method is-config="true" signature="teardown()[pri:0, instance:com.Orange.testCases.EmployeeListTest@6c2f1700]" started-at="2022-06-25T12:41:05Z" name="teardown" finished-at="2022-06-25T12:41:05Z" duration-ms="0" status="PASS">
          <reporter-output>
          </reporter-output>
        </test-method> <!-- teardown -->
      </class> <!-- com.Orange.testCases.EmployeeListTest -->
      <class name="com.Orange.testCases.LoginPageTest">
        <test-method is-config="true" signature="Setup()[pri:0, instance:com.Orange.testCases.LoginPageTest@18ca3c62]" started-at="2022-06-25T12:38:15Z" name="Setup" finished-at="2022-06-25T12:38:30Z" duration-ms="14921" status="PASS">
          <reporter-output>
          </reporter-output>
        </test-method> <!-- Setup -->
        <test-method signature="loginValidation(java.lang.String, java.lang.String)[pri:0, instance:com.Orange.testCases.LoginPageTest@18ca3c62]" started-at="2022-06-25T12:38:30Z" name="loginValidation" data-provider="getTestData" finished-at="2022-06-25T12:38:36Z" duration-ms="6235" status="PASS">
          <params>
            <param index="0">
              <value>
                <![CDATA[Admin]]>
              </value>
            </param>
            <param index="1">
              <value>
                <![CDATA[admin123]]>
              </value>
            </param>
          </params>
          <reporter-output>
          </reporter-output>
        </test-method> <!-- loginValidation -->
        <test-method is-config="true" signature="tearDown()[pri:0, instance:com.Orange.testCases.LoginPageTest@18ca3c62]" started-at="2022-06-25T12:38:37Z" name="tearDown" finished-at="2022-06-25T12:38:37Z" duration-ms="1" status="PASS">
          <reporter-output>
          </reporter-output>
        </test-method> <!-- tearDown -->
      </class> <!-- com.Orange.testCases.LoginPageTest -->
    </test> <!-- Test -->
  </suite> <!-- Suite -->
</testng-results>
